  ip_layer.h
C:\Users\hi\source\repos\DNS\DNS\ip_layer.h(13,29): error C2065: “iphdr”: 未声明的标识符
C:\Users\hi\source\repos\DNS\DNS\ip_layer.h(17,1): error C4430: 缺少类型说明符 - 假定为 int。注意: C++ 不支持默认 int
C:\Users\hi\source\repos\DNS\DNS\ip_layer.h(17,20): error C2143: 语法错误: 缺少“;”(在“*”的前面)
C:\Users\hi\source\repos\DNS\DNS\ip_layer.h(17,22): error C2065: “ip”: 未声明的标识符
C:\Users\hi\source\repos\DNS\DNS\ip_layer.h(17,50): error C2146: 语法错误: 缺少“>”(在标识符“iphdr”的前面)
C:\Users\hi\source\repos\DNS\DNS\ip_layer.h(18,13): error C2065: “ip”: 未声明的标识符
C:\Users\hi\source\repos\DNS\DNS\ip_layer.h(23,45): error C2065: “ip”: 未声明的标识符
C:\Users\hi\source\repos\DNS\DNS\ip_layer.h(24,51): error C2065: “ip”: 未声明的标识符
C:\Users\hi\source\repos\DNS\DNS\ip_layer.h(25,41): error C2065: “ip”: 未声明的标识符
C:\Users\hi\source\repos\DNS\DNS\ip_layer.h(26,39): error C2065: “ip”: 未声明的标识符
C:\Users\hi\source\repos\DNS\DNS\ip_layer.h(27,46): error C2065: “ip”: 未声明的标识符
C:\Users\hi\source\repos\DNS\DNS\ip_layer.h(29,31): error C2065: “ip”: 未声明的标识符
  main.cpp
C:\Users\hi\source\repos\DNS\DNS\ip_layer.h(13,29): error C2065: “iphdr”: 未声明的标识符
C:\Users\hi\source\repos\DNS\DNS\ip_layer.h(17,1): error C4430: 缺少类型说明符 - 假定为 int。注意: C++ 不支持默认 int
C:\Users\hi\source\repos\DNS\DNS\ip_layer.h(17,20): error C2143: 语法错误: 缺少“;”(在“*”的前面)
C:\Users\hi\source\repos\DNS\DNS\ip_layer.h(17,22): error C2065: “ip”: 未声明的标识符
C:\Users\hi\source\repos\DNS\DNS\ip_layer.h(17,50): error C2146: 语法错误: 缺少“>”(在标识符“iphdr”的前面)
C:\Users\hi\source\repos\DNS\DNS\ip_layer.h(18,13): error C2065: “ip”: 未声明的标识符
C:\Users\hi\source\repos\DNS\DNS\ip_layer.h(23,45): error C2065: “ip”: 未声明的标识符
C:\Users\hi\source\repos\DNS\DNS\ip_layer.h(24,51): error C2065: “ip”: 未声明的标识符
C:\Users\hi\source\repos\DNS\DNS\ip_layer.h(25,41): error C2065: “ip”: 未声明的标识符
C:\Users\hi\source\repos\DNS\DNS\ip_layer.h(26,39): error C2065: “ip”: 未声明的标识符
C:\Users\hi\source\repos\DNS\DNS\ip_layer.h(27,46): error C2065: “ip”: 未声明的标识符
C:\Users\hi\source\repos\DNS\DNS\ip_layer.h(29,31): error C2065: “ip”: 未声明的标识符
C:\Users\hi\source\repos\DNS\DNS\ethernet_layer.h(13,29): error C2065: “ETHERNET_HEADER”: 未声明的标识符
C:\Users\hi\source\repos\DNS\DNS\ethernet_layer.h(18,1): error C4430: 缺少类型说明符 - 假定为 int。注意: C++ 不支持默认 int
C:\Users\hi\source\repos\DNS\DNS\ethernet_layer.h(18,30): error C2143: 语法错误: 缺少“;”(在“*”的前面)
C:\Users\hi\source\repos\DNS\DNS\ethernet_layer.h(18,32): error C2065: “eth”: 未声明的标识符
C:\Users\hi\source\repos\DNS\DNS\ethernet_layer.h(18,61): error C2146: 语法错误: 缺少“>”(在标识符“ETHERNET_HEADER”的前面)
C:\Users\hi\source\repos\DNS\DNS\ethernet_layer.h(19,43): error C2065: “eth”: 未声明的标识符
C:\Users\hi\source\repos\DNS\DNS\ethernet_layer.h(20,41): error C2065: “eth”: 未声明的标识符
C:\Users\hi\source\repos\DNS\DNS\ethernet_layer.h(21,48): error C2065: “eth”: 未声明的标识符
C:\Users\hi\source\repos\DNS\DNS\ethernet_layer.h(24,36): error C2065: “eth”: 未声明的标识符
C:\Users\hi\source\repos\DNS\DNS\ethernet_layer.h(25,68): error C2065: “iphdr”: 未声明的标识符
C:\Users\hi\source\repos\DNS\DNS\main.cpp(8,23): error C2429: 语言功能 "结构化绑定" 需要编译器标志 "/std:c++17"
C:\Users\hi\source\repos\DNS\DNS\main.cpp(9,19): error C2593: “operator <<”不明确
C:\Program Files\Microsoft Visual Studio\2022\Community\VC\Tools\MSVC\14.37.32822\include\ostream(481,39): message : 可能是“std::basic_ostream<char,std::char_traits<char>> &std::basic_ostream<char,std::char_traits<char>>::operator <<(std::basic_streambuf<char,std::char_traits<char>> *)”
C:\Program Files\Microsoft Visual Studio\2022\Community\VC\Tools\MSVC\14.37.32822\include\ostream(449,39): message : 或    “std::basic_ostream<char,std::char_traits<char>> &std::basic_ostream<char,std::char_traits<char>>::operator <<(const void *)”
C:\Program Files\Microsoft Visual Studio\2022\Community\VC\Tools\MSVC\14.37.32822\include\ostream(431,39): message : 或    “std::basic_ostream<char,std::char_traits<char>> &std::basic_ostream<char,std::char_traits<char>>::operator <<(long double)”
C:\Program Files\Microsoft Visual Studio\2022\Community\VC\Tools\MSVC\14.37.32822\include\ostream(413,39): message : 或    “std::basic_ostream<char,std::char_traits<char>> &std::basic_ostream<char,std::char_traits<char>>::operator <<(double)”
C:\Program Files\Microsoft Visual Studio\2022\Community\VC\Tools\MSVC\14.37.32822\include\ostream(395,39): message : 或    “std::basic_ostream<char,std::char_traits<char>> &std::basic_ostream<char,std::char_traits<char>>::operator <<(float)”
C:\Program Files\Microsoft Visual Studio\2022\Community\VC\Tools\MSVC\14.37.32822\include\ostream(377,39): message : 或    “std::basic_ostream<char,std::char_traits<char>> &std::basic_ostream<char,std::char_traits<char>>::operator <<(unsigned __int64)”
C:\Program Files\Microsoft Visual Studio\2022\Community\VC\Tools\MSVC\14.37.32822\include\ostream(359,39): message : 或    “std::basic_ostream<char,std::char_traits<char>> &std::basic_ostream<char,std::char_traits<char>>::operator <<(__int64)”
C:\Program Files\Microsoft Visual Studio\2022\Community\VC\Tools\MSVC\14.37.32822\include\ostream(341,39): message : 或    “std::basic_ostream<char,std::char_traits<char>> &std::basic_ostream<char,std::char_traits<char>>::operator <<(unsigned long)”
C:\Program Files\Microsoft Visual Studio\2022\Community\VC\Tools\MSVC\14.37.32822\include\ostream(323,39): message : 或    “std::basic_ostream<char,std::char_traits<char>> &std::basic_ostream<char,std::char_traits<char>>::operator <<(long)”
C:\Program Files\Microsoft Visual Studio\2022\Community\VC\Tools\MSVC\14.37.32822\include\ostream(304,39): message : 或    “std::basic_ostream<char,std::char_traits<char>> &std::basic_ostream<char,std::char_traits<char>>::operator <<(unsigned int)”
C:\Program Files\Microsoft Visual Studio\2022\Community\VC\Tools\MSVC\14.37.32822\include\ostream(278,39): message : 或    “std::basic_ostream<char,std::char_traits<char>> &std::basic_ostream<char,std::char_traits<char>>::operator <<(int)”
C:\Program Files\Microsoft Visual Studio\2022\Community\VC\Tools\MSVC\14.37.32822\include\ostream(259,39): message : 或    “std::basic_ostream<char,std::char_traits<char>> &std::basic_ostream<char,std::char_traits<char>>::operator <<(unsigned short)”
C:\Program Files\Microsoft Visual Studio\2022\Community\VC\Tools\MSVC\14.37.32822\include\ostream(225,39): message : 或    “std::basic_ostream<char,std::char_traits<char>> &std::basic_ostream<char,std::char_traits<char>>::operator <<(short)”
C:\Program Files\Microsoft Visual Studio\2022\Community\VC\Tools\MSVC\14.37.32822\include\ostream(207,39): message : 或    “std::basic_ostream<char,std::char_traits<char>> &std::basic_ostream<char,std::char_traits<char>>::operator <<(bool)”
C:\Program Files\Microsoft Visual Studio\2022\Community\VC\Tools\MSVC\14.37.32822\include\ostream(201,39): message : 或    “std::basic_ostream<char,std::char_traits<char>> &std::basic_ostream<char,std::char_traits<char>>::operator <<(std::ios_base &(__cdecl *)(std::ios_base &))”
C:\Program Files\Microsoft Visual Studio\2022\Community\VC\Tools\MSVC\14.37.32822\include\ostream(195,39): message : 或    “std::basic_ostream<char,std::char_traits<char>> &std::basic_ostream<char,std::char_traits<char>>::operator <<(std::basic_ios<char,std::char_traits<char>> &(__cdecl *)(std::basic_ios<char,std::char_traits<char>> &))”
C:\Program Files\Microsoft Visual Studio\2022\Community\VC\Tools\MSVC\14.37.32822\include\ostream(190,39): message : 或    “std::basic_ostream<char,std::char_traits<char>> &std::basic_ostream<char,std::char_traits<char>>::operator <<(std::basic_ostream<char,std::char_traits<char>> &(__cdecl *)(std::basic_ostream<char,std::char_traits<char>> &))”
C:\Program Files\Microsoft Visual Studio\2022\Community\VC\Tools\MSVC\14.37.32822\include\ostream(687,32): message : 或    “std::basic_ostream<char,std::char_traits<char>> &std::operator <<<char,std::char_traits<char>>(std::basic_ostream<char,std::char_traits<char>> &,const char *)”
C:\Program Files\Microsoft Visual Studio\2022\Community\VC\Tools\MSVC\14.37.32822\include\ostream(731,32): message : 或    “std::basic_ostream<char,std::char_traits<char>> &std::operator <<<char,std::char_traits<char>>(std::basic_ostream<char,std::char_traits<char>> &,char)”
C:\Program Files\Microsoft Visual Studio\2022\Community\VC\Tools\MSVC\14.37.32822\include\ostream(767,31): message : 或    “std::basic_ostream<char,std::char_traits<char>> &std::operator <<<std::char_traits<char>>(std::basic_ostream<char,std::char_traits<char>> &,const char *)”
C:\Program Files\Microsoft Visual Studio\2022\Community\VC\Tools\MSVC\14.37.32822\include\ostream(812,31): message : 或    “std::basic_ostream<char,std::char_traits<char>> &std::operator <<<std::char_traits<char>>(std::basic_ostream<char,std::char_traits<char>> &,char)”
C:\Program Files\Microsoft Visual Studio\2022\Community\VC\Tools\MSVC\14.37.32822\include\ostream(929,31): message : 或    “std::basic_ostream<char,std::char_traits<char>> &std::operator <<<std::char_traits<char>>(std::basic_ostream<char,std::char_traits<char>> &,const signed char *)”
C:\Program Files\Microsoft Visual Studio\2022\Community\VC\Tools\MSVC\14.37.32822\include\ostream(935,31): message : 或    “std::basic_ostream<char,std::char_traits<char>> &std::operator <<<std::char_traits<char>>(std::basic_ostream<char,std::char_traits<char>> &,signed char)”
C:\Program Files\Microsoft Visual Studio\2022\Community\VC\Tools\MSVC\14.37.32822\include\ostream(940,31): message : 或    “std::basic_ostream<char,std::char_traits<char>> &std::operator <<<std::char_traits<char>>(std::basic_ostream<char,std::char_traits<char>> &,const unsigned char *)”
C:\Program Files\Microsoft Visual Studio\2022\Community\VC\Tools\MSVC\14.37.32822\include\ostream(946,31): message : 或    “std::basic_ostream<char,std::char_traits<char>> &std::operator <<<std::char_traits<char>>(std::basic_ostream<char,std::char_traits<char>> &,unsigned char)”
C:\Program Files\Microsoft Visual Studio\2022\Community\VC\Tools\MSVC\14.37.32822\include\ostream(1081,32): message : 或    “std::basic_ostream<char,std::char_traits<char>> &std::operator <<<char,std::char_traits<char>>(std::basic_ostream<char,std::char_traits<char>> &,const std::error_code &)”
C:\Users\hi\source\repos\DNS\DNS\main.cpp(9,19): message : 尝试匹配参数列表“(std::basic_ostream<char,std::char_traits<char>>, unknown-type)”时
C:\Users\hi\source\repos\DNS\DNS\main.cpp(35,5): error C2065: “iphdr”: 未声明的标识符
C:\Users\hi\source\repos\DNS\DNS\main.cpp(35,12): error C2065: “ipHeader”: 未声明的标识符
C:\Users\hi\source\repos\DNS\DNS\main.cpp(35,40): error C2061: 语法错误: 标识符“iphdr”
C:\Users\hi\source\repos\DNS\DNS\main.cpp(36,5): error C2065: “ipHeader”: 未声明的标识符
C:\Users\hi\source\repos\DNS\DNS\main.cpp(37,5): error C2065: “ipHeader”: 未声明的标识符
C:\Users\hi\source\repos\DNS\DNS\main.cpp(38,5): error C2065: “ipHeader”: 未声明的标识符
C:\Users\hi\source\repos\DNS\DNS\main.cpp(39,5): error C2065: “ipHeader”: 未声明的标识符
C:\Users\hi\source\repos\DNS\DNS\main.cpp(40,5): error C2065: “ipHeader”: 未声明的标识符
C:\Users\hi\source\repos\DNS\DNS\main.cpp(42,60): error C2065: “iphdr”: 未声明的标识符
  正在生成代码...
